[10:00:40] [main/INFO]: Environment: authHost='https://authserver.mojang.com', accountsHost='https://api.mojang.com', sessionHost='https://sessionserver.mojang.com', servicesHost='https://api.minecraftservices.com', name='PROD'
[10:00:40] [main/INFO]: Found new data pack file/bukkit, loading it automatically
[10:00:40] [main/INFO]: Reloading ResourceManager: Default, bukkit
[10:00:41] [Worker-Main-6/INFO]: Loaded 7 recipes
[10:00:42] [Server thread/INFO]: Starting minecraft server version 1.17.1
[10:00:42] [Server thread/INFO]: Loading properties
[10:00:42] [Server thread/INFO]: This server is running Paper version git-Paper-102 (MC: 1.17.1) (Implementing API version 1.17.1-R0.1-SNAPSHOT) (Git: b015abb)
[10:00:42] [Server thread/INFO]: Debug logging is disabled
[10:00:42] [Server thread/INFO]: Using 4 threads for Netty based IO
[10:00:42] [Server thread/INFO]: Server Ping Player Sample Count: 12
[10:00:42] [Server thread/INFO]: Default game type: SURVIVAL
[10:00:42] [Server thread/INFO]: Generating keypair
[10:00:42] [Server thread/INFO]: Starting Minecraft server on *:25565
[10:00:42] [Server thread/INFO]: Using default channel type
[10:00:42] [Server thread/INFO]: Server permissions file permissions.yml is empty, ignoring it
[10:00:42] [Server thread/WARN]: **** SERVER IS RUNNING IN OFFLINE/INSECURE MODE!
[10:00:42] [Server thread/WARN]: The server will make no attempt to authenticate usernames. Beware.
[10:00:42] [Server thread/WARN]: While this makes the game possible to play without internet access, it also opens up the ability for hackers to connect with any username they choose.
[10:00:42] [Server thread/WARN]: To change this, set "online-mode" to "true" in the server.properties file.
[10:00:42] [Server thread/INFO]: Preparing level "world"
[10:00:46] [Server thread/WARN]: Unable to find spawn biome
[10:00:47] [Server thread/WARN]: Unable to find spawn biome
[10:00:47] [Server thread/INFO]: Preparing start region for dimension minecraft:overworld
[10:00:48] [Worker-Main-7/INFO]: Preparing spawn area: 0%
[10:00:48] [Worker-Main-5/INFO]: Preparing spawn area: 0%
[10:00:48] [Server thread/INFO]: Time elapsed: 660 ms
[10:00:48] [Server thread/INFO]: Preparing start region for dimension minecraft:the_nether
[10:00:48] [Worker-Main-3/INFO]: Preparing spawn area: 2%
[10:00:48] [Worker-Main-2/INFO]: Preparing spawn area: 2%
[10:00:48] [Server thread/INFO]: Time elapsed: 649 ms
[10:00:48] [Server thread/INFO]: Preparing start region for dimension minecraft:the_end
[10:00:49] [Worker-Main-2/INFO]: Preparing spawn area: 0%
[10:00:49] [Worker-Main-1/INFO]: Preparing spawn area: 0%
[10:00:49] [Worker-Main-6/INFO]: Preparing spawn area: 0%
[10:00:50] [Worker-Main-7/INFO]: Preparing spawn area: 1%
[10:00:50] [Server thread/INFO]: Time elapsed: 1896 ms
[10:00:50] [Server thread/INFO]: Running delayed init tasks
[10:00:50] [Server thread/INFO]: Done (8.571s)! For help, type "help"
[10:00:50] [Server thread/INFO]: Timings Reset
[10:00:54] [Server thread/INFO]: Seed: [-2084759484]
[10:01:04] [Server thread/INFO]: Stopping the server
[10:01:04] [Server thread/INFO]: Stopping server
[10:01:04] [Server thread/INFO]: Saving players
[10:01:04] [Server thread/INFO]: Saving worlds
[10:01:04] [Server thread/INFO]: Saving chunks for level 'ServerLevel[world]'/minecraft:overworld
[10:01:05] [Server thread/INFO]: Saving chunks for level 'ServerLevel[world_nether]'/minecraft:the_nether
[10:01:06] [Server thread/INFO]: Saving chunks for level 'ServerLevel[world_the_end]'/minecraft:the_end
[10:01:06] [Server thread/INFO]: ThreadedAnvilChunkStorage (world): All chunks are saved
[10:01:06] [Server thread/INFO]: ThreadedAnvilChunkStorage (DIM-1): All chunks are saved
[10:01:06] [Server thread/INFO]: ThreadedAnvilChunkStorage (DIM1): All chunks are saved
[10:01:06] [Server thread/INFO]: ThreadedAnvilChunkStorage: All dimensions are saved
[10:01:06] [Server thread/INFO]: Flushing Chunk IO
[10:01:06] [Server thread/INFO]: Closing Thread Pool
[10:01:06] [Server thread/INFO]: Closing Server
